# JRE version: 7.0_21-b11
# Java VM: Java HotSpot(TM) 64-Bit Server VM (23.21-b01 mixed mode linux-amd64 compressed oops)
Heap
 PSYoungGen      total 112512K, used 44582K [0x00000000f5560000, 0x00000000ffc50000, 0x0000000100000000)
  eden space 110144K, 40% used [0x00000000f5560000,0x00000000f80e9ab8,0x00000000fc0f0000)
  from space 2368K, 0% used [0x00000000fc0f0000,0x00000000fc0f0000,0x00000000fc340000)
  to   space 30400K, 0% used [0x00000000fdea0000,0x00000000fdea0000,0x00000000ffc50000)
 ParOldGen       total 96384K, used 67632K [0x00000000e0000000, 0x00000000e5e20000, 0x00000000f5560000)
  object space 96384K, 70% used [0x00000000e0000000,0x00000000e420c3f0,0x00000000e5e20000)
 PSPermGen       total 125184K, used 81137K [0x00000000d0000000, 0x00000000d7a40000, 0x00000000e0000000)
  object space 125184K, 64% used [0x00000000d0000000,0x00000000d4f3c798,0x00000000d7a40000)
GC Heap History (10 events):
Event: 127.040 GC heap before
{Heap before GC invocations=24 (full 3):
 PSYoungGen      total 142336K, used 74980K [0x00000000f5560000, 0x0000000100000000, 0x0000000100000000)
  eden space 110080K, 68% used [0x00000000f5560000,0x00000000f9e990e0,0x00000000fc0e0000)
  from space 32256K, 0% used [0x00000000fe080000,0x00000000fe080000,0x0000000100000000)
  to   space 32320K, 0% used [0x00000000fc0e0000,0x00000000fc0e0000,0x00000000fe070000)
 ParOldGen       total 96384K, used 65863K [0x00000000e0000000, 0x00000000e5e20000, 0x00000000f5560000)
  object space 96384K, 68% used [0x00000000e0000000,0x00000000e4051f70,0x00000000e5e20000)
 PSPermGen       total 118912K, used 78410K [0x00000000d0000000, 0x00000000d7420000, 0x00000000e0000000)
  object space 118912K, 65% used [0x00000000d0000000,0x00000000d4c92aa0,0x00000000d7420000)
Event: 127.045 GC heap after
Heap after GC invocations=24 (full 3):
 PSYoungGen      total 142400K, used 64K [0x00000000f5560000, 0x0000000100000000, 0x0000000100000000)
  eden space 110080K, 0% used [0x00000000f5560000,0x00000000f5560000,0x00000000fc0e0000)
  from space 32320K, 0% used [0x00000000fc0e0000,0x00000000fc0f0000,0x00000000fe070000)
  to   space 32256K, 0% used [0x00000000fe080000,0x00000000fe080000,0x0000000100000000)
 ParOldGen       total 96384K, used 65863K [0x00000000e0000000, 0x00000000e5e20000, 0x00000000f5560000)
  object space 96384K, 68% used [0x00000000e0000000,0x00000000e4051f70,0x00000000e5e20000)
 PSPermGen       total 118912K, used 78410K [0x00000000d0000000, 0x00000000d7420000, 0x00000000e0000000)
  object space 118912K, 65% used [0x00000000d0000000,0x00000000d4c92aa0,0x00000000d7420000)
}
Event: 127.045 GC heap before
{Heap before GC invocations=25 (full 4):
 PSYoungGen      total 142400K, used 64K [0x00000000f5560000, 0x0000000100000000, 0x0000000100000000)
  eden space 110080K, 0% used [0x00000000f5560000,0x00000000f5560000,0x00000000fc0e0000)
  from space 32320K, 0% used [0x00000000fc0e0000,0x00000000fc0f0000,0x00000000fe070000)
  to   space 32256K, 0% used [0x00000000fe080000,0x00000000fe080000,0x0000000100000000)
 ParOldGen       total 96384K, used 65863K [0x00000000e0000000, 0x00000000e5e20000, 0x00000000f5560000)
  object space 96384K, 68% used [0x00000000e0000000,0x00000000e4051f70,0x00000000e5e20000)
 PSPermGen       total 118912K, used 78410K [0x00000000d0000000, 0x00000000d7420000, 0x00000000e0000000)
  object space 118912K, 65% used [0x00000000d0000000,0x00000000d4c92aa0,0x00000000d7420000)
Event: 127.203 GC heap after
Heap after GC invocations=25 (full 4):
 PSYoungGen      total 142400K, used 0K [0x00000000f5560000, 0x0000000100000000, 0x0000000100000000)
  eden space 110080K, 0% used [0x00000000f5560000,0x00000000f5560000,0x00000000fc0e0000)
  from space 32320K, 0% used [0x00000000fc0e0000,0x00000000fc0e0000,0x00000000fe070000)
  to   space 32256K, 0% used [0x00000000fe080000,0x00000000fe080000,0x0000000100000000)
 ParOldGen       total 96384K, used 65600K [0x00000000e0000000, 0x00000000e5e20000, 0x00000000f5560000)
  object space 96384K, 68% used [0x00000000e0000000,0x00000000e4010168,0x00000000e5e20000)
 PSPermGen       total 123520K, used 78410K [0x00000000d0000000, 0x00000000d78a0000, 0x00000000e0000000)
  object space 123520K, 63% used [0x00000000d0000000,0x00000000d4c92a60,0x00000000d78a0000)
}
Event: 169.638 GC heap before
{Heap before GC invocations=26 (full 4):
 PSYoungGen      total 142400K, used 110080K [0x00000000f5560000, 0x0000000100000000, 0x0000000100000000)
  eden space 110080K, 100% used [0x00000000f5560000,0x00000000fc0e0000,0x00000000fc0e0000)
  from space 32320K, 0% used [0x00000000fc0e0000,0x00000000fc0e0000,0x00000000fe070000)
  to   space 32256K, 0% used [0x00000000fe080000,0x00000000fe080000,0x0000000100000000)
 ParOldGen       total 96384K, used 65600K [0x00000000e0000000, 0x00000000e5e20000, 0x00000000f5560000)
  object space 96384K, 68% used [0x00000000e0000000,0x00000000e4010168,0x00000000e5e20000)
 PSPermGen       total 123520K, used 79530K [0x00000000d0000000, 0x00000000d78a0000, 0x00000000e0000000)
  object space 123520K, 64% used [0x00000000d0000000,0x00000000d4daa9d0,0x00000000d78a0000)
Event: 169.646 GC heap after
Heap after GC invocations=26 (full 4):
 PSYoungGen      total 140416K, used 3273K [0x00000000f5560000, 0x00000000ffe10000, 0x0000000100000000)
  eden space 110144K, 0% used [0x00000000f5560000,0x00000000f5560000,0x00000000fc0f0000)
  from space 30272K, 10% used [0x00000000fe080000,0x00000000fe3b2588,0x00000000ffe10000)
  to   space 31296K, 0% used [0x00000000fc0f0000,0x00000000fc0f0000,0x00000000fdf80000)
 ParOldGen       total 96384K, used 65600K [0x00000000e0000000, 0x00000000e5e20000, 0x00000000f5560000)
  object space 96384K, 68% used [0x00000000e0000000,0x00000000e4010168,0x00000000e5e20000)
 PSPermGen       total 123520K, used 79530K [0x00000000d0000000, 0x00000000d78a0000, 0x00000000e0000000)
  object space 123520K, 64% used [0x00000000d0000000,0x00000000d4daa9d0,0x00000000d78a0000)
}
Event: 187.041 GC heap before
{Heap before GC invocations=27 (full 4):
 PSYoungGen      total 140416K, used 40161K [0x00000000f5560000, 0x00000000ffe10000, 0x0000000100000000)
  eden space 110144K, 33% used [0x00000000f5560000,0x00000000f79661b0,0x00000000fc0f0000)
  from space 30272K, 10% used [0x00000000fe080000,0x00000000fe3b2588,0x00000000ffe10000)
  to   space 31296K, 0% used [0x00000000fc0f0000,0x00000000fc0f0000,0x00000000fdf80000)
 ParOldGen       total 96384K, used 65600K [0x00000000e0000000, 0x00000000e5e20000, 0x00000000f5560000)
  object space 96384K, 68% used [0x00000000e0000000,0x00000000e4010168,0x00000000e5e20000)
 PSPermGen       total 123520K, used 79533K [0x00000000d0000000, 0x00000000d78a0000, 0x00000000e0000000)
  object space 123520K, 64% used [0x00000000d0000000,0x00000000d4dab4d0,0x00000000d78a0000)
Event: 187.048 GC heap after
Heap after GC invocations=27 (full 4):
 PSYoungGen      total 112512K, used 2336K [0x00000000f5560000, 0x00000000ffc50000, 0x0000000100000000)
  eden space 110144K, 0% used [0x00000000f5560000,0x00000000f5560000,0x00000000fc0f0000)
  from space 2368K, 98% used [0x00000000fc0f0000,0x00000000fc338000,0x00000000fc340000)
  to   space 30400K, 0% used [0x00000000fdea0000,0x00000000fdea0000,0x00000000ffc50000)
 ParOldGen       total 96384K, used 65600K [0x00000000e0000000, 0x00000000e5e20000, 0x00000000f5560000)
  object space 96384K, 68% used [0x00000000e0000000,0x00000000e4010168,0x00000000e5e20000)
 PSPermGen       total 123520K, used 79533K [0x00000000d0000000, 0x00000000d78a0000, 0x00000000e0000000)
  object space 123520K, 64% used [0x00000000d0000000,0x00000000d4dab4d0,0x00000000d78a0000)
}
Event: 187.048 GC heap before
{Heap before GC invocations=28 (full 5):
 PSYoungGen      total 112512K, used 2336K [0x00000000f5560000, 0x00000000ffc50000, 0x0000000100000000)
  eden space 110144K, 0% used [0x00000000f5560000,0x00000000f5560000,0x00000000fc0f0000)
  from space 2368K, 98% used [0x00000000fc0f0000,0x00000000fc338000,0x00000000fc340000)
  to   space 30400K, 0% used [0x00000000fdea0000,0x00000000fdea0000,0x00000000ffc50000)
 ParOldGen       total 96384K, used 65600K [0x00000000e0000000, 0x00000000e5e20000, 0x00000000f5560000)
  object space 96384K, 68% used [0x00000000e0000000,0x00000000e4010168,0x00000000e5e20000)
 PSPermGen       total 123520K, used 79533K [0x00000000d0000000, 0x00000000d78a0000, 0x00000000e0000000)
  object space 123520K, 64% used [0x00000000d0000000,0x00000000d4dab4d0,0x00000000d78a0000)
Event: 187.219 GC heap after
Heap after GC invocations=28 (full 5):
 PSYoungGen      total 112512K, used 0K [0x00000000f5560000, 0x00000000ffc50000, 0x0000000100000000)
  eden space 110144K, 0% used [0x00000000f5560000,0x00000000f5560000,0x00000000fc0f0000)
  from space 2368K, 0% used [0x00000000fc0f0000,0x00000000fc0f0000,0x00000000fc340000)
  to   space 30400K, 0% used [0x00000000fdea0000,0x00000000fdea0000,0x00000000ffc50000)
 ParOldGen       total 96384K, used 67632K [0x00000000e0000000, 0x00000000e5e20000, 0x00000000f5560000)
  object space 96384K, 70% used [0x00000000e0000000,0x00000000e420c3f0,0x00000000e5e20000)
 PSPermGen       total 125184K, used 79532K [0x00000000d0000000, 0x00000000d7a40000, 0x00000000e0000000)
  object space 125184K, 63% used [0x00000000d0000000,0x00000000d4dab0e8,0x00000000d7a40000)
}

